<?xml version="1.0" encoding="UTF-8"?>
<!-- Generated by org.testng.reporters.JUnitReportReporter -->
<testsuite skipped="0" hostname="EN911042" name="uiTests.SearchProductTest" tests="1" failures="0" timestamp="2020-09-24T15:25:28 COT" time="69.326" errors="0">
  <testcase name="searchingProduct" time="69.326" classname="uiTests.SearchProductTest"/>
  <system-out/>
</testsuite> <!-- uiTests.SearchProductTest -->
